

Processing ApplicationController#index (for 127.0.0.1 at 2010-08-19 14:18:27) [GET]

ActionController::RoutingError (No route matches "/" with {:method=>:get}):
  haml (3.0.6) lib/sass/plugin/rack.rb:41:in `call'

Rendering rescues/layout (not_found)


Processing ApplicationController#index (for 127.0.0.1 at 2010-08-19 14:18:28) [GET]

ActionController::RoutingError (No route matches "/" with {:method=>:get}):
  haml (3.0.6) lib/sass/plugin/rack.rb:41:in `call'

Rendering rescues/layout (not_found)


Processing ApplicationController#index (for 127.0.0.1 at 2010-08-19 14:22:13) [GET]

ActionController::RoutingError (No route matches "/users/new" with {:method=>:get}):
  haml (3.0.6) lib/sass/plugin/rack.rb:41:in `call'

Rendering rescues/layout (not_found)


Processing ApplicationController#index (for 127.0.0.1 at 2010-08-19 14:22:15) [GET]

ActionController::RoutingError (No route matches "/users/new" with {:method=>:get}):
  haml (3.0.6) lib/sass/plugin/rack.rb:41:in `call'

Rendering rescues/layout (not_found)


Processing ApplicationController#index (for 127.0.0.1 at 2010-08-19 14:22:19) [GET]

ActionController::RoutingError (No route matches "/user/new" with {:method=>:get}):
  haml (3.0.6) lib/sass/plugin/rack.rb:41:in `call'

Rendering rescues/layout (not_found)


Processing ApplicationController#index (for 127.0.0.1 at 2010-08-19 14:23:13) [GET]

ActionController::RoutingError (No route matches "/user/new" with {:method=>:get}):
  haml (3.0.6) lib/sass/plugin/rack.rb:41:in `call'

Rendering rescues/layout (not_found)


Processing ApplicationController#index (for 127.0.0.1 at 2010-08-19 14:23:15) [GET]

ActionController::RoutingError (No route matches "/user/new" with {:method=>:get}):
  haml (3.0.6) lib/sass/plugin/rack.rb:41:in `call'

Rendering rescues/layout (not_found)


Processing ApplicationController#index (for 127.0.0.1 at 2010-08-19 14:23:15) [GET]

ActionController::RoutingError (No route matches "/user/new" with {:method=>:get}):
  haml (3.0.6) lib/sass/plugin/rack.rb:41:in `call'

Rendering rescues/layout (not_found)


Processing ApplicationController#index (for 127.0.0.1 at 2010-08-19 14:23:15) [GET]

ActionController::RoutingError (No route matches "/user/new" with {:method=>:get}):
  haml (3.0.6) lib/sass/plugin/rack.rb:41:in `call'

Rendering rescues/layout (not_found)


Processing ApplicationController#index (for 127.0.0.1 at 2010-08-19 14:23:15) [GET]

ActionController::RoutingError (No route matches "/user/new" with {:method=>:get}):
  haml (3.0.6) lib/sass/plugin/rack.rb:41:in `call'

Rendering rescues/layout (not_found)


Processing ApplicationController#index (for 127.0.0.1 at 2010-08-19 14:23:16) [GET]

ActionController::RoutingError (No route matches "/user/new" with {:method=>:get}):
  haml (3.0.6) lib/sass/plugin/rack.rb:41:in `call'

Rendering rescues/layout (not_found)


Processing ApplicationController#index (for 127.0.0.1 at 2010-08-19 14:23:16) [GET]

ActionController::RoutingError (No route matches "/user/new" with {:method=>:get}):
  haml (3.0.6) lib/sass/plugin/rack.rb:41:in `call'

Rendering rescues/layout (not_found)


Processing ApplicationController#index (for 127.0.0.1 at 2010-08-19 14:23:41) [GET]

ActionController::RoutingError (No route matches "/user/new" with {:method=>:get}):
  haml (3.0.6) lib/sass/plugin/rack.rb:41:in `call'

Rendering rescues/layout (not_found)


Processing UsersController#new (for 127.0.0.1 at 2010-08-19 14:23:47) [GET]
Rendering template within layouts/application
Rendering users/new
Completed in 32ms (View: 25, DB: 0) | 200 OK [http://localhost/users/new]


Processing ApplicationController#index (for 127.0.0.1 at 2010-08-19 14:23:48) [GET]

ActionController::RoutingError (No route matches "/stylesheets/screen.css" with {:method=>:get}):
  haml (3.0.6) lib/sass/plugin/rack.rb:41:in `call'

Rendering rescues/layout (not_found)


Processing ApplicationController#index (for 127.0.0.1 at 2010-08-19 14:23:48) [GET]

ActionController::RoutingError (No route matches "/stylesheets/application.css" with {:method=>:get}):
  haml (3.0.6) lib/sass/plugin/rack.rb:41:in `call'

Rendering rescues/layout (not_found)


Processing ApplicationController#index (for 127.0.0.1 at 2010-08-19 14:23:48) [GET]

ActionController::RoutingError (No route matches "/stylesheets/print.css" with {:method=>:get}):
  haml (3.0.6) lib/sass/plugin/rack.rb:41:in `call'

Rendering rescues/layout (not_found)


Processing UsersController#new (for 127.0.0.1 at 2010-08-19 14:24:16) [GET]
Rendering template within layouts/application
Rendering users/new
Completed in 10ms (View: 3, DB: 0) | 200 OK [http://localhost/users/new]


Processing ApplicationController#index (for 127.0.0.1 at 2010-08-19 14:24:16) [GET]

ActionController::RoutingError (No route matches "/stylesheets/screen.css" with {:method=>:get}):
  haml (3.0.6) lib/sass/plugin/rack.rb:41:in `call'

Rendering rescues/layout (not_found)


Processing ApplicationController#index (for 127.0.0.1 at 2010-08-19 14:24:16) [GET]

ActionController::RoutingError (No route matches "/stylesheets/application.css" with {:method=>:get}):
  haml (3.0.6) lib/sass/plugin/rack.rb:41:in `call'

Rendering rescues/layout (not_found)


Processing ApplicationController#index (for 127.0.0.1 at 2010-08-19 14:24:16) [GET]

ActionController::RoutingError (No route matches "/stylesheets/print.css" with {:method=>:get}):
  haml (3.0.6) lib/sass/plugin/rack.rb:41:in `call'

Rendering rescues/layout (not_found)


Processing UsersController#new (for 127.0.0.1 at 2010-08-19 14:27:12) [GET]
Rendering template within layouts/application
Rendering users/new
Completed in 10ms (View: 3, DB: 0) | 200 OK [http://localhost/users/new]


Processing ApplicationController#index (for 127.0.0.1 at 2010-08-19 14:27:12) [GET]

ActionController::RoutingError (No route matches "/stylesheets/screen.css" with {:method=>:get}):
  haml (3.0.6) lib/sass/plugin/rack.rb:41:in `call'

Rendering rescues/layout (not_found)


Processing ApplicationController#index (for 127.0.0.1 at 2010-08-19 14:27:12) [GET]

ActionController::RoutingError (No route matches "/stylesheets/application.css" with {:method=>:get}):
  haml (3.0.6) lib/sass/plugin/rack.rb:41:in `call'

Rendering rescues/layout (not_found)


Processing ApplicationController#index (for 127.0.0.1 at 2010-08-19 14:27:12) [GET]

ActionController::RoutingError (No route matches "/stylesheets/print.css" with {:method=>:get}):
  haml (3.0.6) lib/sass/plugin/rack.rb:41:in `call'

Rendering rescues/layout (not_found)


Processing UsersController#new (for 127.0.0.1 at 2010-08-19 14:27:13) [GET]
Rendering template within layouts/application
Rendering users/new
Completed in 10ms (View: 3, DB: 0) | 200 OK [http://localhost/users/new]


Processing ApplicationController#index (for 127.0.0.1 at 2010-08-19 14:27:14) [GET]

ActionController::RoutingError (No route matches "/stylesheets/screen.css" with {:method=>:get}):
  haml (3.0.6) lib/sass/plugin/rack.rb:41:in `call'

Rendering rescues/layout (not_found)


Processing ApplicationController#index (for 127.0.0.1 at 2010-08-19 14:27:14) [GET]

ActionController::RoutingError (No route matches "/stylesheets/application.css" with {:method=>:get}):
  haml (3.0.6) lib/sass/plugin/rack.rb:41:in `call'

Rendering rescues/layout (not_found)


Processing ApplicationController#index (for 127.0.0.1 at 2010-08-19 14:27:14) [GET]

ActionController::RoutingError (No route matches "/stylesheets/print.css" with {:method=>:get}):
  haml (3.0.6) lib/sass/plugin/rack.rb:41:in `call'

Rendering rescues/layout (not_found)


Processing UsersController#new (for 127.0.0.1 at 2010-08-19 14:27:14) [GET]
Rendering template within layouts/application
Rendering users/new
Completed in 10ms (View: 3, DB: 0) | 200 OK [http://localhost/users/new]


Processing ApplicationController#index (for 127.0.0.1 at 2010-08-19 14:27:14) [GET]

ActionController::RoutingError (No route matches "/stylesheets/screen.css" with {:method=>:get}):
  haml (3.0.6) lib/sass/plugin/rack.rb:41:in `call'

Rendering rescues/layout (not_found)


Processing ApplicationController#index (for 127.0.0.1 at 2010-08-19 14:27:14) [GET]

ActionController::RoutingError (No route matches "/stylesheets/application.css" with {:method=>:get}):
  haml (3.0.6) lib/sass/plugin/rack.rb:41:in `call'

Rendering rescues/layout (not_found)


Processing ApplicationController#index (for 127.0.0.1 at 2010-08-19 14:27:14) [GET]

ActionController::RoutingError (No route matches "/stylesheets/print.css" with {:method=>:get}):
  haml (3.0.6) lib/sass/plugin/rack.rb:41:in `call'

Rendering rescues/layout (not_found)


Processing UsersController#new (for 127.0.0.1 at 2010-08-19 14:27:14) [GET]
Rendering template within layouts/application
Rendering users/new
Completed in 10ms (View: 3, DB: 0) | 200 OK [http://localhost/users/new]


Processing ApplicationController#index (for 127.0.0.1 at 2010-08-19 14:27:14) [GET]

ActionController::RoutingError (No route matches "/stylesheets/print.css" with {:method=>:get}):
  haml (3.0.6) lib/sass/plugin/rack.rb:41:in `call'

Rendering rescues/layout (not_found)


Processing ApplicationController#index (for 127.0.0.1 at 2010-08-19 14:27:14) [GET]

ActionController::RoutingError (No route matches "/stylesheets/screen.css" with {:method=>:get}):
  haml (3.0.6) lib/sass/plugin/rack.rb:41:in `call'

Rendering rescues/layout (not_found)


Processing ApplicationController#index (for 127.0.0.1 at 2010-08-19 14:27:15) [GET]

ActionController::RoutingError (No route matches "/stylesheets/application.css" with {:method=>:get}):
  haml (3.0.6) lib/sass/plugin/rack.rb:41:in `call'

Rendering rescues/layout (not_found)


Processing UsersController#new (for 127.0.0.1 at 2010-08-19 14:27:15) [GET]
Rendering template within layouts/application
Rendering users/new
Completed in 11ms (View: 4, DB: 0) | 200 OK [http://localhost/users/new]


Processing UsersController#new (for 127.0.0.1 at 2010-08-19 14:27:15) [GET]
Rendering template within layouts/application
Rendering users/new
Completed in 11ms (View: 4, DB: 0) | 200 OK [http://localhost/users/new]


Processing UsersController#new (for 127.0.0.1 at 2010-08-19 14:27:15) [GET]
Rendering template within layouts/application
Rendering users/new
Completed in 12ms (View: 4, DB: 0) | 200 OK [http://localhost/users/new]


Processing ApplicationController#index (for 127.0.0.1 at 2010-08-19 14:27:15) [GET]

ActionController::RoutingError (No route matches "/stylesheets/screen.css" with {:method=>:get}):
  haml (3.0.6) lib/sass/plugin/rack.rb:41:in `call'

Rendering rescues/layout (not_found)


Processing ApplicationController#index (for 127.0.0.1 at 2010-08-19 14:27:15) [GET]

ActionController::RoutingError (No route matches "/stylesheets/application.css" with {:method=>:get}):
  haml (3.0.6) lib/sass/plugin/rack.rb:41:in `call'

Rendering rescues/layout (not_found)


Processing ApplicationController#index (for 127.0.0.1 at 2010-08-19 14:27:15) [GET]

ActionController::RoutingError (No route matches "/stylesheets/print.css" with {:method=>:get}):
  haml (3.0.6) lib/sass/plugin/rack.rb:41:in `call'

Rendering rescues/layout (not_found)


Processing UsersController#new (for 127.0.0.1 at 2010-08-19 14:27:15) [GET]
Rendering template within layouts/application
Rendering users/new
Completed in 10ms (View: 4, DB: 0) | 200 OK [http://localhost/users/new]


Processing ApplicationController#index (for 127.0.0.1 at 2010-08-19 14:27:15) [GET]

ActionController::RoutingError (No route matches "/stylesheets/application.css" with {:method=>:get}):
  haml (3.0.6) lib/sass/plugin/rack.rb:41:in `call'

Rendering rescues/layout (not_found)


Processing ApplicationController#index (for 127.0.0.1 at 2010-08-19 14:27:15) [GET]

ActionController::RoutingError (No route matches "/stylesheets/screen.css" with {:method=>:get}):
  haml (3.0.6) lib/sass/plugin/rack.rb:41:in `call'

Rendering rescues/layout (not_found)


Processing ApplicationController#index (for 127.0.0.1 at 2010-08-19 14:27:15) [GET]

ActionController::RoutingError (No route matches "/stylesheets/print.css" with {:method=>:get}):
  haml (3.0.6) lib/sass/plugin/rack.rb:41:in `call'

Rendering rescues/layout (not_found)


Processing UsersController#new (for 127.0.0.1 at 2010-08-19 14:27:33) [GET]
Rendering template within layouts/application
Rendering users/new
Completed in 10ms (View: 3, DB: 0) | 200 OK [http://localhost/users/new]


Processing ApplicationController#index (for 127.0.0.1 at 2010-08-19 14:27:34) [GET]

ActionController::RoutingError (No route matches "/stylesheets/screen.css" with {:method=>:get}):
  haml (3.0.6) lib/sass/plugin/rack.rb:41:in `call'

Rendering rescues/layout (not_found)


Processing ApplicationController#index (for 127.0.0.1 at 2010-08-19 14:27:34) [GET]

ActionController::RoutingError (No route matches "/stylesheets/application.css" with {:method=>:get}):
  haml (3.0.6) lib/sass/plugin/rack.rb:41:in `call'

Rendering rescues/layout (not_found)


Processing ApplicationController#index (for 127.0.0.1 at 2010-08-19 14:27:34) [GET]

ActionController::RoutingError (No route matches "/stylesheets/print.css" with {:method=>:get}):
  haml (3.0.6) lib/sass/plugin/rack.rb:41:in `call'

Rendering rescues/layout (not_found)


Processing UsersController#new (for 127.0.0.1 at 2010-08-19 14:27:58) [GET]
Rendering template within layouts/application
Rendering users/new
Completed in 10ms (View: 3, DB: 0) | 200 OK [http://localhost/users/new]


Processing ApplicationController#index (for 127.0.0.1 at 2010-08-19 14:27:58) [GET]

ActionController::RoutingError (No route matches "/stylesheets/screen.css" with {:method=>:get}):
  haml (3.0.6) lib/sass/plugin/rack.rb:41:in `call'

Rendering rescues/layout (not_found)


Processing ApplicationController#index (for 127.0.0.1 at 2010-08-19 14:27:58) [GET]

ActionController::RoutingError (No route matches "/stylesheets/application.css" with {:method=>:get}):
  haml (3.0.6) lib/sass/plugin/rack.rb:41:in `call'

Rendering rescues/layout (not_found)


Processing ApplicationController#index (for 127.0.0.1 at 2010-08-19 14:27:58) [GET]

ActionController::RoutingError (No route matches "/stylesheets/print.css" with {:method=>:get}):
  haml (3.0.6) lib/sass/plugin/rack.rb:41:in `call'

Rendering rescues/layout (not_found)


Processing UsersController#new (for 127.0.0.1 at 2010-08-19 14:29:09) [GET]
Rendering template within layouts/application
Rendering users/new
Completed in 10ms (View: 3, DB: 0) | 200 OK [http://localhost/users/new]


Processing ApplicationController#index (for 127.0.0.1 at 2010-08-19 14:29:09) [GET]

ActionController::RoutingError (No route matches "/stylesheets/screen.css" with {:method=>:get}):
  haml (3.0.6) lib/sass/plugin/rack.rb:41:in `call'

Rendering rescues/layout (not_found)


Processing ApplicationController#index (for 127.0.0.1 at 2010-08-19 14:29:09) [GET]

ActionController::RoutingError (No route matches "/stylesheets/application.css" with {:method=>:get}):
  haml (3.0.6) lib/sass/plugin/rack.rb:41:in `call'

Rendering rescues/layout (not_found)


Processing ApplicationController#index (for 127.0.0.1 at 2010-08-19 14:29:09) [GET]

ActionController::RoutingError (No route matches "/stylesheets/print.css" with {:method=>:get}):
  haml (3.0.6) lib/sass/plugin/rack.rb:41:in `call'

Rendering rescues/layout (not_found)


Processing UsersController#new (for 127.0.0.1 at 2010-08-19 14:29:12) [GET]
Rendering template within layouts/application
Rendering users/new
Completed in 11ms (View: 4, DB: 0) | 200 OK [http://localhost/users/new]


Processing ApplicationController#index (for 127.0.0.1 at 2010-08-19 14:29:12) [GET]

ActionController::RoutingError (No route matches "/stylesheets/screen.css" with {:method=>:get}):
  haml (3.0.6) lib/sass/plugin/rack.rb:41:in `call'

Rendering rescues/layout (not_found)


Processing ApplicationController#index (for 127.0.0.1 at 2010-08-19 14:29:12) [GET]

ActionController::RoutingError (No route matches "/stylesheets/application.css" with {:method=>:get}):
  haml (3.0.6) lib/sass/plugin/rack.rb:41:in `call'

Rendering rescues/layout (not_found)


Processing ApplicationController#index (for 127.0.0.1 at 2010-08-19 14:29:12) [GET]

ActionController::RoutingError (No route matches "/stylesheets/print.css" with {:method=>:get}):
  haml (3.0.6) lib/sass/plugin/rack.rb:41:in `call'

Rendering rescues/layout (not_found)


Processing UsersController#new (for 127.0.0.1 at 2010-08-19 14:29:23) [GET]
Rendering template within layouts/application
Rendering users/new
Completed in 10ms (View: 3, DB: 0) | 200 OK [http://localhost/users/new]


Processing ApplicationController#index (for 127.0.0.1 at 2010-08-19 14:29:23) [GET]

ActionController::RoutingError (No route matches "/stylesheets/screen.css" with {:method=>:get}):
  haml (3.0.6) lib/sass/plugin/rack.rb:41:in `call'

Rendering rescues/layout (not_found)


Processing ApplicationController#index (for 127.0.0.1 at 2010-08-19 14:29:23) [GET]

ActionController::RoutingError (No route matches "/stylesheets/application.css" with {:method=>:get}):
  haml (3.0.6) lib/sass/plugin/rack.rb:41:in `call'

Rendering rescues/layout (not_found)


Processing ApplicationController#index (for 127.0.0.1 at 2010-08-19 14:29:23) [GET]

ActionController::RoutingError (No route matches "/stylesheets/print.css" with {:method=>:get}):
  haml (3.0.6) lib/sass/plugin/rack.rb:41:in `call'

Rendering rescues/layout (not_found)


Processing UsersController#new (for 127.0.0.1 at 2010-08-19 14:29:26) [GET]
Rendering template within layouts/application
Rendering users/new
Completed in 12ms (View: 4, DB: 0) | 200 OK [http://localhost/users/new]


Processing ApplicationController#index (for 127.0.0.1 at 2010-08-19 14:29:26) [GET]

ActionController::RoutingError (No route matches "/stylesheets/screen.css" with {:method=>:get}):
  haml (3.0.6) lib/sass/plugin/rack.rb:41:in `call'

Rendering rescues/layout (not_found)


Processing ApplicationController#index (for 127.0.0.1 at 2010-08-19 14:29:26) [GET]

ActionController::RoutingError (No route matches "/stylesheets/application.css" with {:method=>:get}):
  haml (3.0.6) lib/sass/plugin/rack.rb:41:in `call'

Rendering rescues/layout (not_found)


Processing ApplicationController#index (for 127.0.0.1 at 2010-08-19 14:29:26) [GET]

ActionController::RoutingError (No route matches "/stylesheets/print.css" with {:method=>:get}):
  haml (3.0.6) lib/sass/plugin/rack.rb:41:in `call'

Rendering rescues/layout (not_found)


Processing UsersController#new (for 127.0.0.1 at 2010-08-19 14:29:33) [GET]
Rendering template within layouts/application
Rendering users/new
Completed in 16ms (View: 4, DB: 0) | 200 OK [http://localhost/users/new]


Processing ApplicationController#index (for 127.0.0.1 at 2010-08-19 14:29:33) [GET]

ActionController::RoutingError (No route matches "/stylesheets/screen.css" with {:method=>:get}):
  haml (3.0.6) lib/sass/plugin/rack.rb:41:in `call'

Rendering rescues/layout (not_found)


Processing ApplicationController#index (for 127.0.0.1 at 2010-08-19 14:29:34) [GET]

ActionController::RoutingError (No route matches "/stylesheets/application.css" with {:method=>:get}):
  haml (3.0.6) lib/sass/plugin/rack.rb:41:in `call'

Rendering rescues/layout (not_found)


Processing ApplicationController#index (for 127.0.0.1 at 2010-08-19 14:29:34) [GET]

ActionController::RoutingError (No route matches "/stylesheets/print.css" with {:method=>:get}):
  haml (3.0.6) lib/sass/plugin/rack.rb:41:in `call'

Rendering rescues/layout (not_found)


Processing UsersController#new (for 127.0.0.1 at 2010-08-19 14:29:35) [GET]
Rendering template within layouts/application
Rendering users/new
Completed in 10ms (View: 3, DB: 0) | 200 OK [http://localhost/users/new]


Processing ApplicationController#index (for 127.0.0.1 at 2010-08-19 14:29:35) [GET]

ActionController::RoutingError (No route matches "/stylesheets/screen.css" with {:method=>:get}):
  haml (3.0.6) lib/sass/plugin/rack.rb:41:in `call'

Rendering rescues/layout (not_found)


Processing ApplicationController#index (for 127.0.0.1 at 2010-08-19 14:29:35) [GET]

ActionController::RoutingError (No route matches "/stylesheets/application.css" with {:method=>:get}):
  haml (3.0.6) lib/sass/plugin/rack.rb:41:in `call'

Rendering rescues/layout (not_found)


Processing ApplicationController#index (for 127.0.0.1 at 2010-08-19 14:29:35) [GET]

ActionController::RoutingError (No route matches "/stylesheets/print.css" with {:method=>:get}):
  haml (3.0.6) lib/sass/plugin/rack.rb:41:in `call'

Rendering rescues/layout (not_found)
